Mensaje I / 00:00:00:000 / Root(00) para top(01)
Mensaje I / 00:00:00:000 / top(01) para sender(02)
Mensaje I / 00:00:00:000 / top(01) para network(03)
Mensaje I / 00:00:00:000 / top(01) para receiver(06)
Mensaje D / 00:00:00:000 / sender(02) / ... para top(01)
Mensaje I / 00:00:00:000 / network(03) para subnet1(04)
Mensaje I / 00:00:00:000 / network(03) para subnet2(05)
Mensaje D / 00:00:00:000 / receiver(06) / ... para top(01)
Mensaje D / 00:00:00:000 / subnet1(04) / ... para network(03)
Mensaje D / 00:00:00:000 / subnet2(05) / ... para network(03)
Mensaje D / 00:00:00:000 / network(03) / ... para top(01)
Mensaje D / 00:00:00:000 / top(01) / ... para Root(00)
Mensaje X / 00:00:10:000 / Root(00) / controlin /     20.00000 para top(01)
Mensaje X / 00:00:10:000 / top(01) / controlin /     20.00000 para sender(02)
Mensaje D / 00:00:10:000 / sender(02) / 00:00:10:000 para top(01)
Mensaje D / 00:00:10:000 / top(01) / 00:00:10:000 para Root(00)
Mensaje * / 00:00:20:000 / Root(00) para top(01)
Mensaje * / 00:00:20:000 / top(01) para sender(02)
Mensaje Y / 00:00:20:000 / sender(02) / dataout /     11.00000 para top(01)
Mensaje Y / 00:00:20:000 / sender(02) / packetsent /      1.00000 para top(01)
Mensaje D / 00:00:20:000 / sender(02) / 00:00:20:000 para top(01)
Mensaje X / 00:00:20:000 / top(01) / in1 /     11.00000 para network(03)
Mensaje Y / 00:00:20:000 / top(01) / packetsent /      1.00000 para Root(00)
Mensaje X / 00:00:20:000 / network(03) / in /     11.00000 para subnet1(04)
Mensaje D / 00:00:20:000 / subnet1(04) / 00:00:02:987 para network(03)
Mensaje D / 00:00:20:000 / network(03) / 00:00:02:987 para top(01)
Mensaje D / 00:00:20:000 / top(01) / 00:00:02:987 para Root(00)
Mensaje * / 00:00:22:987 / Root(00) para top(01)
Mensaje * / 00:00:22:987 / top(01) para network(03)
Mensaje * / 00:00:22:987 / network(03) para subnet1(04)
Mensaje Y / 00:00:22:987 / subnet1(04) / out /     11.00000 para network(03)
Mensaje D / 00:00:22:987 / subnet1(04) / ... para network(03)
Mensaje Y / 00:00:22:987 / network(03) / out1 /     11.00000 para top(01)
Mensaje D / 00:00:22:987 / network(03) / ... para top(01)
Mensaje X / 00:00:22:987 / top(01) / in /     11.00000 para receiver(06)
Mensaje D / 00:00:22:987 / receiver(06) / 00:00:10:000 para top(01)
Mensaje D / 00:00:22:987 / top(01) / 00:00:10:000 para Root(00)
Mensaje * / 00:00:32:987 / Root(00) para top(01)
Mensaje * / 00:00:32:987 / top(01) para receiver(06)
Mensaje Y / 00:00:32:987 / receiver(06) / out /      1.00000 para top(01)
Mensaje D / 00:00:32:987 / receiver(06) / ... para top(01)
Mensaje X / 00:00:32:987 / top(01) / in2 /      1.00000 para network(03)
Mensaje X / 00:00:32:987 / network(03) / in /      1.00000 para subnet2(05)
Mensaje D / 00:00:32:987 / subnet2(05) / 00:00:01:796 para network(03)
Mensaje D / 00:00:32:987 / network(03) / 00:00:01:796 para top(01)
Mensaje D / 00:00:32:987 / top(01) / 00:00:01:796 para Root(00)
Mensaje * / 00:00:34:783 / Root(00) para top(01)
Mensaje * / 00:00:34:783 / top(01) para network(03)
Mensaje * / 00:00:34:783 / network(03) para subnet2(05)
Mensaje D / 00:00:34:783 / subnet2(05) / ... para network(03)
Mensaje D / 00:00:34:783 / network(03) / ... para top(01)
Mensaje D / 00:00:34:783 / top(01) / 00:00:05:217 para Root(00)
Mensaje * / 00:00:40:000 / Root(00) para top(01)
Mensaje * / 00:00:40:000 / top(01) para sender(02)
Mensaje D / 00:00:40:000 / sender(02) / 00:00:10:000 para top(01)
Mensaje D / 00:00:40:000 / top(01) / 00:00:10:000 para Root(00)
Mensaje * / 00:00:50:000 / Root(00) para top(01)
Mensaje * / 00:00:50:000 / top(01) para sender(02)
Mensaje Y / 00:00:50:000 / sender(02) / dataout /     11.00000 para top(01)
Mensaje Y / 00:00:50:000 / sender(02) / packetsent /      1.00000 para top(01)
Mensaje D / 00:00:50:000 / sender(02) / 00:00:20:000 para top(01)
Mensaje X / 00:00:50:000 / top(01) / in1 /     11.00000 para network(03)
Mensaje Y / 00:00:50:000 / top(01) / packetsent /      1.00000 para Root(00)
Mensaje X / 00:00:50:000 / network(03) / in /     11.00000 para subnet1(04)
Mensaje D / 00:00:50:000 / subnet1(04) / 00:00:01:957 para network(03)
Mensaje D / 00:00:50:000 / network(03) / 00:00:01:957 para top(01)
Mensaje D / 00:00:50:000 / top(01) / 00:00:01:957 para Root(00)
Mensaje * / 00:00:51:957 / Root(00) para top(01)
Mensaje * / 00:00:51:957 / top(01) para network(03)
Mensaje * / 00:00:51:957 / network(03) para subnet1(04)
Mensaje Y / 00:00:51:957 / subnet1(04) / out /     11.00000 para network(03)
Mensaje D / 00:00:51:957 / subnet1(04) / ... para network(03)
Mensaje Y / 00:00:51:957 / network(03) / out1 /     11.00000 para top(01)
Mensaje D / 00:00:51:957 / network(03) / ... para top(01)
Mensaje X / 00:00:51:957 / top(01) / in /     11.00000 para receiver(06)
Mensaje D / 00:00:51:957 / receiver(06) / 00:00:10:000 para top(01)
Mensaje D / 00:00:51:957 / top(01) / 00:00:10:000 para Root(00)
Mensaje * / 00:01:01:957 / Root(00) para top(01)
Mensaje * / 00:01:01:957 / top(01) para receiver(06)
Mensaje Y / 00:01:01:957 / receiver(06) / out /      1.00000 para top(01)
Mensaje D / 00:01:01:957 / receiver(06) / ... para top(01)
Mensaje X / 00:01:01:957 / top(01) / in2 /      1.00000 para network(03)
Mensaje X / 00:01:01:957 / network(03) / in /      1.00000 para subnet2(05)
Mensaje D / 00:01:01:957 / subnet2(05) / 00:00:03:035 para network(03)
Mensaje D / 00:01:01:957 / network(03) / 00:00:03:035 para top(01)
Mensaje D / 00:01:01:957 / top(01) / 00:00:03:035 para Root(00)
Mensaje * / 00:01:04:992 / Root(00) para top(01)
Mensaje * / 00:01:04:992 / top(01) para network(03)
Mensaje * / 00:01:04:992 / network(03) para subnet2(05)
Mensaje Y / 00:01:04:992 / subnet2(05) / out /      1.00000 para network(03)
Mensaje D / 00:01:04:992 / subnet2(05) / ... para network(03)
Mensaje Y / 00:01:04:992 / network(03) / out2 /      1.00000 para top(01)
Mensaje D / 00:01:04:992 / network(03) / ... para top(01)
Mensaje X / 00:01:04:992 / top(01) / ackin /      1.00000 para sender(02)
Mensaje D / 00:01:04:992 / sender(02) / 00:00:00:000 para top(01)
Mensaje D / 00:01:04:992 / top(01) / 00:00:00:000 para Root(00)
Mensaje * / 00:01:04:992 / Root(00) para top(01)
Mensaje * / 00:01:04:992 / top(01) para sender(02)
Mensaje Y / 00:01:04:992 / sender(02) / ackreceived /      1.00000 para top(01)
Mensaje D / 00:01:04:992 / sender(02) / 00:00:10:000 para top(01)
Mensaje Y / 00:01:04:992 / top(01) / ackreceived /      1.00000 para Root(00)
Mensaje D / 00:01:04:992 / top(01) / 00:00:10:000 para Root(00)
Mensaje * / 00:01:14:992 / Root(00) para top(01)
Mensaje * / 00:01:14:992 / top(01) para sender(02)
Mensaje Y / 00:01:14:992 / sender(02) / dataout /     20.00000 para top(01)
Mensaje Y / 00:01:14:992 / sender(02) / packetsent /      2.00000 para top(01)
Mensaje D / 00:01:14:992 / sender(02) / 00:00:20:000 para top(01)
Mensaje X / 00:01:14:992 / top(01) / in1 /     20.00000 para network(03)
Mensaje Y / 00:01:14:992 / top(01) / packetsent /      2.00000 para Root(00)
Mensaje X / 00:01:14:992 / network(03) / in /     20.00000 para subnet1(04)
Mensaje D / 00:01:14:992 / subnet1(04) / 00:00:02:182 para network(03)
Mensaje D / 00:01:14:992 / network(03) / 00:00:02:182 para top(01)
Mensaje D / 00:01:14:992 / top(01) / 00:00:02:182 para Root(00)
Mensaje * / 00:01:17:174 / Root(00) para top(01)
Mensaje * / 00:01:17:174 / top(01) para network(03)
Mensaje * / 00:01:17:174 / network(03) para subnet1(04)
Mensaje Y / 00:01:17:174 / subnet1(04) / out /     20.00000 para network(03)
Mensaje D / 00:01:17:174 / subnet1(04) / ... para network(03)
Mensaje Y / 00:01:17:174 / network(03) / out1 /     20.00000 para top(01)
Mensaje D / 00:01:17:174 / network(03) / ... para top(01)
Mensaje X / 00:01:17:174 / top(01) / in /     20.00000 para receiver(06)
Mensaje D / 00:01:17:174 / receiver(06) / 00:00:10:000 para top(01)
Mensaje D / 00:01:17:174 / top(01) / 00:00:10:000 para Root(00)
Mensaje * / 00:01:27:174 / Root(00) para top(01)
Mensaje * / 00:01:27:174 / top(01) para receiver(06)
Mensaje Y / 00:01:27:174 / receiver(06) / out /      0.00000 para top(01)
Mensaje D / 00:01:27:174 / receiver(06) / ... para top(01)
Mensaje X / 00:01:27:174 / top(01) / in2 /      0.00000 para network(03)
Mensaje X / 00:01:27:174 / network(03) / in /      0.00000 para subnet2(05)
Mensaje D / 00:01:27:174 / subnet2(05) / 00:00:03:160 para network(03)
Mensaje D / 00:01:27:174 / network(03) / 00:00:03:160 para top(01)
Mensaje D / 00:01:27:174 / top(01) / 00:00:03:160 para Root(00)
Mensaje * / 00:01:30:334 / Root(00) para top(01)
Mensaje * / 00:01:30:334 / top(01) para network(03)
Mensaje * / 00:01:30:334 / network(03) para subnet2(05)
Mensaje D / 00:01:30:334 / subnet2(05) / ... para network(03)
Mensaje D / 00:01:30:334 / network(03) / ... para top(01)
Mensaje D / 00:01:30:334 / top(01) / 00:00:04:658 para Root(00)
Mensaje * / 00:01:34:992 / Root(00) para top(01)
Mensaje * / 00:01:34:992 / top(01) para sender(02)
Mensaje D / 00:01:34:992 / sender(02) / 00:00:10:000 para top(01)
Mensaje D / 00:01:34:992 / top(01) / 00:00:10:000 para Root(00)
Mensaje * / 00:01:44:992 / Root(00) para top(01)
Mensaje * / 00:01:44:992 / top(01) para sender(02)
Mensaje Y / 00:01:44:992 / sender(02) / dataout /     20.00000 para top(01)
Mensaje Y / 00:01:44:992 / sender(02) / packetsent /      2.00000 para top(01)
Mensaje D / 00:01:44:992 / sender(02) / 00:00:20:000 para top(01)
Mensaje X / 00:01:44:992 / top(01) / in1 /     20.00000 para network(03)
Mensaje Y / 00:01:44:992 / top(01) / packetsent /      2.00000 para Root(00)
Mensaje X / 00:01:44:992 / network(03) / in /     20.00000 para subnet1(04)
Mensaje D / 00:01:44:992 / subnet1(04) / 00:00:03:849 para network(03)
Mensaje D / 00:01:44:992 / network(03) / 00:00:03:849 para top(01)
Mensaje D / 00:01:44:992 / top(01) / 00:00:03:849 para Root(00)
Mensaje * / 00:01:48:841 / Root(00) para top(01)
Mensaje * / 00:01:48:841 / top(01) para network(03)
Mensaje * / 00:01:48:841 / network(03) para subnet1(04)
Mensaje Y / 00:01:48:841 / subnet1(04) / out /     20.00000 para network(03)
Mensaje D / 00:01:48:841 / subnet1(04) / ... para network(03)
Mensaje Y / 00:01:48:841 / network(03) / out1 /     20.00000 para top(01)
Mensaje D / 00:01:48:841 / network(03) / ... para top(01)
Mensaje X / 00:01:48:841 / top(01) / in /     20.00000 para receiver(06)
Mensaje D / 00:01:48:841 / receiver(06) / 00:00:10:000 para top(01)
Mensaje D / 00:01:48:841 / top(01) / 00:00:10:000 para Root(00)
Mensaje * / 00:01:58:841 / Root(00) para top(01)
Mensaje * / 00:01:58:841 / top(01) para receiver(06)
Mensaje Y / 00:01:58:841 / receiver(06) / out /      0.00000 para top(01)
Mensaje D / 00:01:58:841 / receiver(06) / ... para top(01)
Mensaje X / 00:01:58:841 / top(01) / in2 /      0.00000 para network(03)
Mensaje X / 00:01:58:841 / network(03) / in /      0.00000 para subnet2(05)
Mensaje D / 00:01:58:841 / subnet2(05) / 00:00:03:655 para network(03)
Mensaje D / 00:01:58:841 / network(03) / 00:00:03:655 para top(01)
Mensaje D / 00:01:58:841 / top(01) / 00:00:03:655 para Root(00)
Mensaje * / 00:02:02:496 / Root(00) para top(01)
Mensaje * / 00:02:02:496 / top(01) para network(03)
Mensaje * / 00:02:02:496 / network(03) para subnet2(05)
Mensaje Y / 00:02:02:496 / subnet2(05) / out /      0.00000 para network(03)
Mensaje D / 00:02:02:496 / subnet2(05) / ... para network(03)
Mensaje Y / 00:02:02:496 / network(03) / out2 /      0.00000 para top(01)
Mensaje D / 00:02:02:496 / network(03) / ... para top(01)
Mensaje X / 00:02:02:496 / top(01) / ackin /      0.00000 para sender(02)
Mensaje D / 00:02:02:496 / sender(02) / 00:00:00:000 para top(01)
Mensaje D / 00:02:02:496 / top(01) / 00:00:00:000 para Root(00)
Mensaje * / 00:02:02:496 / Root(00) para top(01)
Mensaje * / 00:02:02:496 / top(01) para sender(02)
Mensaje Y / 00:02:02:496 / sender(02) / ackreceived /      0.00000 para top(01)
Mensaje D / 00:02:02:496 / sender(02) / 00:00:10:000 para top(01)
Mensaje Y / 00:02:02:496 / top(01) / ackreceived /      0.00000 para Root(00)
Mensaje D / 00:02:02:496 / top(01) / 00:00:10:000 para Root(00)
Mensaje * / 00:02:12:496 / Root(00) para top(01)
Mensaje * / 00:02:12:496 / top(01) para sender(02)
Mensaje Y / 00:02:12:496 / sender(02) / dataout /     31.00000 para top(01)
Mensaje Y / 00:02:12:496 / sender(02) / packetsent /      3.00000 para top(01)
Mensaje D / 00:02:12:496 / sender(02) / 00:00:20:000 para top(01)
Mensaje X / 00:02:12:496 / top(01) / in1 /     31.00000 para network(03)
Mensaje Y / 00:02:12:496 / top(01) / packetsent /      3.00000 para Root(00)
Mensaje X / 00:02:12:496 / network(03) / in /     31.00000 para subnet1(04)
Mensaje D / 00:02:12:496 / subnet1(04) / 00:00:03:446 para network(03)
Mensaje D / 00:02:12:496 / network(03) / 00:00:03:446 para top(01)
Mensaje D / 00:02:12:496 / top(01) / 00:00:03:446 para Root(00)
Mensaje * / 00:02:15:942 / Root(00) para top(01)
Mensaje * / 00:02:15:942 / top(01) para network(03)
Mensaje * / 00:02:15:942 / network(03) para subnet1(04)
Mensaje Y / 00:02:15:942 / subnet1(04) / out /     31.00000 para network(03)
Mensaje D / 00:02:15:942 / subnet1(04) / ... para network(03)
Mensaje Y / 00:02:15:942 / network(03) / out1 /     31.00000 para top(01)
Mensaje D / 00:02:15:942 / network(03) / ... para top(01)
Mensaje X / 00:02:15:942 / top(01) / in /     31.00000 para receiver(06)
Mensaje D / 00:02:15:942 / receiver(06) / 00:00:10:000 para top(01)
Mensaje D / 00:02:15:942 / top(01) / 00:00:10:000 para Root(00)
Mensaje * / 00:02:25:942 / Root(00) para top(01)
Mensaje * / 00:02:25:942 / top(01) para receiver(06)
Mensaje Y / 00:02:25:942 / receiver(06) / out /      1.00000 para top(01)
Mensaje D / 00:02:25:942 / receiver(06) / ... para top(01)
Mensaje X / 00:02:25:942 / top(01) / in2 /      1.00000 para network(03)
Mensaje X / 00:02:25:942 / network(03) / in /      1.00000 para subnet2(05)
Mensaje D / 00:02:25:942 / subnet2(05) / 00:00:02:830 para network(03)
Mensaje D / 00:02:25:942 / network(03) / 00:00:02:830 para top(01)
Mensaje D / 00:02:25:942 / top(01) / 00:00:02:830 para Root(00)
Mensaje * / 00:02:28:772 / Root(00) para top(01)
Mensaje * / 00:02:28:772 / top(01) para network(03)
Mensaje * / 00:02:28:772 / network(03) para subnet2(05)
Mensaje Y / 00:02:28:772 / subnet2(05) / out /      1.00000 para network(03)
Mensaje D / 00:02:28:772 / subnet2(05) / ... para network(03)
Mensaje Y / 00:02:28:772 / network(03) / out2 /      1.00000 para top(01)
Mensaje D / 00:02:28:772 / network(03) / ... para top(01)
Mensaje X / 00:02:28:772 / top(01) / ackin /      1.00000 para sender(02)
Mensaje D / 00:02:28:772 / sender(02) / 00:00:00:000 para top(01)
Mensaje D / 00:02:28:772 / top(01) / 00:00:00:000 para Root(00)
Mensaje * / 00:02:28:772 / Root(00) para top(01)
Mensaje * / 00:02:28:772 / top(01) para sender(02)
Mensaje Y / 00:02:28:772 / sender(02) / ackreceived /      1.00000 para top(01)
Mensaje D / 00:02:28:772 / sender(02) / 00:00:10:000 para top(01)
Mensaje Y / 00:02:28:772 / top(01) / ackreceived /      1.00000 para Root(00)
Mensaje D / 00:02:28:772 / top(01) / 00:00:10:000 para Root(00)
Mensaje * / 00:02:38:772 / Root(00) para top(01)
Mensaje * / 00:02:38:772 / top(01) para sender(02)
Mensaje Y / 00:02:38:772 / sender(02) / dataout /     40.00000 para top(01)
Mensaje Y / 00:02:38:772 / sender(02) / packetsent /      4.00000 para top(01)
Mensaje D / 00:02:38:772 / sender(02) / 00:00:20:000 para top(01)
Mensaje X / 00:02:38:772 / top(01) / in1 /     40.00000 para network(03)
Mensaje Y / 00:02:38:772 / top(01) / packetsent /      4.00000 para Root(00)
Mensaje X / 00:02:38:772 / network(03) / in /     40.00000 para subnet1(04)
Mensaje D / 00:02:38:772 / subnet1(04) / 00:00:02:400 para network(03)
Mensaje D / 00:02:38:772 / network(03) / 00:00:02:400 para top(01)
Mensaje D / 00:02:38:772 / top(01) / 00:00:02:400 para Root(00)
Mensaje * / 00:02:41:172 / Root(00) para top(01)
Mensaje * / 00:02:41:172 / top(01) para network(03)
Mensaje * / 00:02:41:172 / network(03) para subnet1(04)
Mensaje Y / 00:02:41:172 / subnet1(04) / out /     40.00000 para network(03)
Mensaje D / 00:02:41:172 / subnet1(04) / ... para network(03)
Mensaje Y / 00:02:41:172 / network(03) / out1 /     40.00000 para top(01)
Mensaje D / 00:02:41:172 / network(03) / ... para top(01)
Mensaje X / 00:02:41:172 / top(01) / in /     40.00000 para receiver(06)
Mensaje D / 00:02:41:172 / receiver(06) / 00:00:10:000 para top(01)
Mensaje D / 00:02:41:172 / top(01) / 00:00:10:000 para Root(00)
Mensaje * / 00:02:51:172 / Root(00) para top(01)
Mensaje * / 00:02:51:172 / top(01) para receiver(06)
Mensaje Y / 00:02:51:172 / receiver(06) / out /      0.00000 para top(01)
Mensaje D / 00:02:51:172 / receiver(06) / ... para top(01)
Mensaje X / 00:02:51:172 / top(01) / in2 /      0.00000 para network(03)
Mensaje X / 00:02:51:172 / network(03) / in /      0.00000 para subnet2(05)
Mensaje D / 00:02:51:172 / subnet2(05) / 00:00:03:687 para network(03)
Mensaje D / 00:02:51:172 / network(03) / 00:00:03:687 para top(01)
Mensaje D / 00:02:51:172 / top(01) / 00:00:03:687 para Root(00)
Mensaje * / 00:02:54:859 / Root(00) para top(01)
Mensaje * / 00:02:54:859 / top(01) para network(03)
Mensaje * / 00:02:54:859 / network(03) para subnet2(05)
Mensaje Y / 00:02:54:859 / subnet2(05) / out /      0.00000 para network(03)
Mensaje D / 00:02:54:859 / subnet2(05) / ... para network(03)
Mensaje Y / 00:02:54:859 / network(03) / out2 /      0.00000 para top(01)
Mensaje D / 00:02:54:859 / network(03) / ... para top(01)
Mensaje X / 00:02:54:859 / top(01) / ackin /      0.00000 para sender(02)
Mensaje D / 00:02:54:859 / sender(02) / 00:00:00:000 para top(01)
Mensaje D / 00:02:54:859 / top(01) / 00:00:00:000 para Root(00)
Mensaje * / 00:02:54:859 / Root(00) para top(01)
Mensaje * / 00:02:54:859 / top(01) para sender(02)
Mensaje Y / 00:02:54:859 / sender(02) / ackreceived /      0.00000 para top(01)
Mensaje D / 00:02:54:859 / sender(02) / 00:00:10:000 para top(01)
Mensaje Y / 00:02:54:859 / top(01) / ackreceived /      0.00000 para Root(00)
Mensaje D / 00:02:54:859 / top(01) / 00:00:10:000 para Root(00)
Mensaje * / 00:03:04:859 / Root(00) para top(01)
Mensaje * / 00:03:04:859 / top(01) para sender(02)
Mensaje Y / 00:03:04:859 / sender(02) / dataout /     51.00000 para top(01)
Mensaje Y / 00:03:04:859 / sender(02) / packetsent /      5.00000 para top(01)
Mensaje D / 00:03:04:859 / sender(02) / 00:00:20:000 para top(01)
Mensaje X / 00:03:04:859 / top(01) / in1 /     51.00000 para network(03)
Mensaje Y / 00:03:04:859 / top(01) / packetsent /      5.00000 para Root(00)
Mensaje X / 00:03:04:859 / network(03) / in /     51.00000 para subnet1(04)
Mensaje D / 00:03:04:859 / subnet1(04) / 00:00:01:055 para network(03)
Mensaje D / 00:03:04:859 / network(03) / 00:00:01:055 para top(01)
Mensaje D / 00:03:04:859 / top(01) / 00:00:01:055 para Root(00)
Mensaje * / 00:03:05:914 / Root(00) para top(01)
Mensaje * / 00:03:05:914 / top(01) para network(03)
Mensaje * / 00:03:05:914 / network(03) para subnet1(04)
Mensaje Y / 00:03:05:914 / subnet1(04) / out /     51.00000 para network(03)
Mensaje D / 00:03:05:914 / subnet1(04) / ... para network(03)
Mensaje Y / 00:03:05:914 / network(03) / out1 /     51.00000 para top(01)
Mensaje D / 00:03:05:914 / network(03) / ... para top(01)
Mensaje X / 00:03:05:914 / top(01) / in /     51.00000 para receiver(06)
Mensaje D / 00:03:05:914 / receiver(06) / 00:00:10:000 para top(01)
Mensaje D / 00:03:05:914 / top(01) / 00:00:10:000 para Root(00)
Mensaje * / 00:03:15:914 / Root(00) para top(01)
Mensaje * / 00:03:15:914 / top(01) para receiver(06)
Mensaje Y / 00:03:15:914 / receiver(06) / out /      1.00000 para top(01)
Mensaje D / 00:03:15:914 / receiver(06) / ... para top(01)
Mensaje X / 00:03:15:914 / top(01) / in2 /      1.00000 para network(03)
Mensaje X / 00:03:15:914 / network(03) / in /      1.00000 para subnet2(05)
Mensaje D / 00:03:15:914 / subnet2(05) / 00:00:03:678 para network(03)
Mensaje D / 00:03:15:914 / network(03) / 00:00:03:678 para top(01)
Mensaje D / 00:03:15:914 / top(01) / 00:00:03:678 para Root(00)
Mensaje * / 00:03:19:592 / Root(00) para top(01)
Mensaje * / 00:03:19:592 / top(01) para network(03)
Mensaje * / 00:03:19:592 / network(03) para subnet2(05)
Mensaje Y / 00:03:19:592 / subnet2(05) / out /      1.00000 para network(03)
Mensaje D / 00:03:19:592 / subnet2(05) / ... para network(03)
Mensaje Y / 00:03:19:592 / network(03) / out2 /      1.00000 para top(01)
Mensaje D / 00:03:19:592 / network(03) / ... para top(01)
Mensaje X / 00:03:19:592 / top(01) / ackin /      1.00000 para sender(02)
Mensaje D / 00:03:19:592 / sender(02) / 00:00:00:000 para top(01)
Mensaje D / 00:03:19:592 / top(01) / 00:00:00:000 para Root(00)
Mensaje * / 00:03:19:592 / Root(00) para top(01)
Mensaje * / 00:03:19:592 / top(01) para sender(02)
Mensaje Y / 00:03:19:592 / sender(02) / ackreceived /      1.00000 para top(01)
Mensaje D / 00:03:19:592 / sender(02) / 00:00:10:000 para top(01)
Mensaje Y / 00:03:19:592 / top(01) / ackreceived /      1.00000 para Root(00)
Mensaje D / 00:03:19:592 / top(01) / 00:00:10:000 para Root(00)
Mensaje * / 00:03:29:592 / Root(00) para top(01)
Mensaje * / 00:03:29:592 / top(01) para sender(02)
Mensaje Y / 00:03:29:592 / sender(02) / dataout /     60.00000 para top(01)
Mensaje Y / 00:03:29:592 / sender(02) / packetsent /      6.00000 para top(01)
Mensaje D / 00:03:29:592 / sender(02) / 00:00:20:000 para top(01)
Mensaje X / 00:03:29:592 / top(01) / in1 /     60.00000 para network(03)
Mensaje Y / 00:03:29:592 / top(01) / packetsent /      6.00000 para Root(00)
Mensaje X / 00:03:29:592 / network(03) / in /     60.00000 para subnet1(04)
Mensaje D / 00:03:29:592 / subnet1(04) / 00:00:03:679 para network(03)
Mensaje D / 00:03:29:592 / network(03) / 00:00:03:679 para top(01)
Mensaje D / 00:03:29:592 / top(01) / 00:00:03:679 para Root(00)
Mensaje * / 00:03:33:271 / Root(00) para top(01)
Mensaje * / 00:03:33:271 / top(01) para network(03)
Mensaje * / 00:03:33:271 / network(03) para subnet1(04)
Mensaje Y / 00:03:33:271 / subnet1(04) / out /     60.00000 para network(03)
Mensaje D / 00:03:33:271 / subnet1(04) / ... para network(03)
Mensaje Y / 00:03:33:271 / network(03) / out1 /     60.00000 para top(01)
Mensaje D / 00:03:33:271 / network(03) / ... para top(01)
Mensaje X / 00:03:33:271 / top(01) / in /     60.00000 para receiver(06)
Mensaje D / 00:03:33:271 / receiver(06) / 00:00:10:000 para top(01)
Mensaje D / 00:03:33:271 / top(01) / 00:00:10:000 para Root(00)
Mensaje * / 00:03:43:271 / Root(00) para top(01)
Mensaje * / 00:03:43:271 / top(01) para receiver(06)
Mensaje Y / 00:03:43:271 / receiver(06) / out /      0.00000 para top(01)
Mensaje D / 00:03:43:271 / receiver(06) / ... para top(01)
Mensaje X / 00:03:43:271 / top(01) / in2 /      0.00000 para network(03)
Mensaje X / 00:03:43:271 / network(03) / in /      0.00000 para subnet2(05)
Mensaje D / 00:03:43:271 / subnet2(05) / 00:00:04:759 para network(03)
Mensaje D / 00:03:43:271 / network(03) / 00:00:04:759 para top(01)
Mensaje D / 00:03:43:271 / top(01) / 00:00:04:759 para Root(00)
Mensaje * / 00:03:48:030 / Root(00) para top(01)
Mensaje * / 00:03:48:030 / top(01) para network(03)
Mensaje * / 00:03:48:030 / network(03) para subnet2(05)
Mensaje Y / 00:03:48:030 / subnet2(05) / out /      0.00000 para network(03)
Mensaje D / 00:03:48:030 / subnet2(05) / ... para network(03)
Mensaje Y / 00:03:48:030 / network(03) / out2 /      0.00000 para top(01)
Mensaje D / 00:03:48:030 / network(03) / ... para top(01)
Mensaje X / 00:03:48:030 / top(01) / ackin /      0.00000 para sender(02)
Mensaje D / 00:03:48:030 / sender(02) / 00:00:00:000 para top(01)
Mensaje D / 00:03:48:030 / top(01) / 00:00:00:000 para Root(00)
Mensaje * / 00:03:48:030 / Root(00) para top(01)
Mensaje * / 00:03:48:030 / top(01) para sender(02)
Mensaje Y / 00:03:48:030 / sender(02) / ackreceived /      0.00000 para top(01)
Mensaje D / 00:03:48:030 / sender(02) / 00:00:10:000 para top(01)
Mensaje Y / 00:03:48:030 / top(01) / ackreceived /      0.00000 para Root(00)
Mensaje D / 00:03:48:030 / top(01) / 00:00:10:000 para Root(00)
Mensaje * / 00:03:58:030 / Root(00) para top(01)
Mensaje * / 00:03:58:030 / top(01) para sender(02)
Mensaje Y / 00:03:58:030 / sender(02) / dataout /     71.00000 para top(01)
Mensaje Y / 00:03:58:030 / sender(02) / packetsent /      7.00000 para top(01)
Mensaje D / 00:03:58:030 / sender(02) / 00:00:20:000 para top(01)
Mensaje X / 00:03:58:030 / top(01) / in1 /     71.00000 para network(03)
Mensaje Y / 00:03:58:030 / top(01) / packetsent /      7.00000 para Root(00)
Mensaje X / 00:03:58:030 / network(03) / in /     71.00000 para subnet1(04)
Mensaje D / 00:03:58:030 / subnet1(04) / 00:00:03:084 para network(03)
Mensaje D / 00:03:58:030 / network(03) / 00:00:03:084 para top(01)
Mensaje D / 00:03:58:030 / top(01) / 00:00:03:084 para Root(00)
Mensaje * / 00:04:01:114 / Root(00) para top(01)
Mensaje * / 00:04:01:114 / top(01) para network(03)
Mensaje * / 00:04:01:114 / network(03) para subnet1(04)
Mensaje Y / 00:04:01:114 / subnet1(04) / out /     71.00000 para network(03)
Mensaje D / 00:04:01:114 / subnet1(04) / ... para network(03)
Mensaje Y / 00:04:01:114 / network(03) / out1 /     71.00000 para top(01)
Mensaje D / 00:04:01:114 / network(03) / ... para top(01)
Mensaje X / 00:04:01:114 / top(01) / in /     71.00000 para receiver(06)
Mensaje D / 00:04:01:114 / receiver(06) / 00:00:10:000 para top(01)
Mensaje D / 00:04:01:114 / top(01) / 00:00:10:000 para Root(00)
Mensaje * / 00:04:11:114 / Root(00) para top(01)
Mensaje * / 00:04:11:114 / top(01) para receiver(06)
Mensaje Y / 00:04:11:114 / receiver(06) / out /      1.00000 para top(01)
Mensaje D / 00:04:11:114 / receiver(06) / ... para top(01)
Mensaje X / 00:04:11:114 / top(01) / in2 /      1.00000 para network(03)
Mensaje X / 00:04:11:114 / network(03) / in /      1.00000 para subnet2(05)
Mensaje D / 00:04:11:114 / subnet2(05) / 00:00:02:533 para network(03)
Mensaje D / 00:04:11:114 / network(03) / 00:00:02:533 para top(01)
Mensaje D / 00:04:11:114 / top(01) / 00:00:02:533 para Root(00)
Mensaje * / 00:04:13:647 / Root(00) para top(01)
Mensaje * / 00:04:13:647 / top(01) para network(03)
Mensaje * / 00:04:13:647 / network(03) para subnet2(05)
Mensaje Y / 00:04:13:647 / subnet2(05) / out /      1.00000 para network(03)
Mensaje D / 00:04:13:647 / subnet2(05) / ... para network(03)
Mensaje Y / 00:04:13:647 / network(03) / out2 /      1.00000 para top(01)
Mensaje D / 00:04:13:647 / network(03) / ... para top(01)
Mensaje X / 00:04:13:647 / top(01) / ackin /      1.00000 para sender(02)
Mensaje D / 00:04:13:647 / sender(02) / 00:00:00:000 para top(01)
Mensaje D / 00:04:13:647 / top(01) / 00:00:00:000 para Root(00)
Mensaje * / 00:04:13:647 / Root(00) para top(01)
Mensaje * / 00:04:13:647 / top(01) para sender(02)
Mensaje Y / 00:04:13:647 / sender(02) / ackreceived /      1.00000 para top(01)
Mensaje D / 00:04:13:647 / sender(02) / 00:00:10:000 para top(01)
Mensaje Y / 00:04:13:647 / top(01) / ackreceived /      1.00000 para Root(00)
Mensaje D / 00:04:13:647 / top(01) / 00:00:10:000 para Root(00)
Mensaje * / 00:04:23:647 / Root(00) para top(01)
Mensaje * / 00:04:23:647 / top(01) para sender(02)
Mensaje Y / 00:04:23:647 / sender(02) / dataout /     80.00000 para top(01)
Mensaje Y / 00:04:23:647 / sender(02) / packetsent /      8.00000 para top(01)
Mensaje D / 00:04:23:647 / sender(02) / 00:00:20:000 para top(01)
Mensaje X / 00:04:23:647 / top(01) / in1 /     80.00000 para network(03)
Mensaje Y / 00:04:23:647 / top(01) / packetsent /      8.00000 para Root(00)
Mensaje X / 00:04:23:647 / network(03) / in /     80.00000 para subnet1(04)
Mensaje D / 00:04:23:647 / subnet1(04) / 00:00:01:704 para network(03)
Mensaje D / 00:04:23:647 / network(03) / 00:00:01:704 para top(01)
Mensaje D / 00:04:23:647 / top(01) / 00:00:01:704 para Root(00)
Mensaje * / 00:04:25:351 / Root(00) para top(01)
Mensaje * / 00:04:25:351 / top(01) para network(03)
Mensaje * / 00:04:25:351 / network(03) para subnet1(04)
Mensaje Y / 00:04:25:351 / subnet1(04) / out /     80.00000 para network(03)
Mensaje D / 00:04:25:351 / subnet1(04) / ... para network(03)
Mensaje Y / 00:04:25:351 / network(03) / out1 /     80.00000 para top(01)
Mensaje D / 00:04:25:351 / network(03) / ... para top(01)
Mensaje X / 00:04:25:351 / top(01) / in /     80.00000 para receiver(06)
Mensaje D / 00:04:25:351 / receiver(06) / 00:00:10:000 para top(01)
Mensaje D / 00:04:25:351 / top(01) / 00:00:10:000 para Root(00)
Mensaje * / 00:04:35:351 / Root(00) para top(01)
Mensaje * / 00:04:35:351 / top(01) para receiver(06)
Mensaje Y / 00:04:35:351 / receiver(06) / out /      0.00000 para top(01)
Mensaje D / 00:04:35:351 / receiver(06) / ... para top(01)
Mensaje X / 00:04:35:351 / top(01) / in2 /      0.00000 para network(03)
Mensaje X / 00:04:35:351 / network(03) / in /      0.00000 para subnet2(05)
Mensaje D / 00:04:35:351 / subnet2(05) / 00:00:02:419 para network(03)
Mensaje D / 00:04:35:351 / network(03) / 00:00:02:419 para top(01)
Mensaje D / 00:04:35:351 / top(01) / 00:00:02:419 para Root(00)
Mensaje * / 00:04:37:770 / Root(00) para top(01)
Mensaje * / 00:04:37:770 / top(01) para network(03)
Mensaje * / 00:04:37:770 / network(03) para subnet2(05)
Mensaje Y / 00:04:37:770 / subnet2(05) / out /      0.00000 para network(03)
Mensaje D / 00:04:37:770 / subnet2(05) / ... para network(03)
Mensaje Y / 00:04:37:770 / network(03) / out2 /      0.00000 para top(01)
Mensaje D / 00:04:37:770 / network(03) / ... para top(01)
Mensaje X / 00:04:37:770 / top(01) / ackin /      0.00000 para sender(02)
Mensaje D / 00:04:37:770 / sender(02) / 00:00:00:000 para top(01)
Mensaje D / 00:04:37:770 / top(01) / 00:00:00:000 para Root(00)
Mensaje * / 00:04:37:770 / Root(00) para top(01)
Mensaje * / 00:04:37:770 / top(01) para sender(02)
Mensaje Y / 00:04:37:770 / sender(02) / ackreceived /      0.00000 para top(01)
Mensaje D / 00:04:37:770 / sender(02) / 00:00:10:000 para top(01)
Mensaje Y / 00:04:37:770 / top(01) / ackreceived /      0.00000 para Root(00)
Mensaje D / 00:04:37:770 / top(01) / 00:00:10:000 para Root(00)
Mensaje * / 00:04:47:770 / Root(00) para top(01)
Mensaje * / 00:04:47:770 / top(01) para sender(02)
Mensaje Y / 00:04:47:770 / sender(02) / dataout /     91.00000 para top(01)
Mensaje Y / 00:04:47:770 / sender(02) / packetsent /      9.00000 para top(01)
Mensaje D / 00:04:47:770 / sender(02) / 00:00:20:000 para top(01)
Mensaje X / 00:04:47:770 / top(01) / in1 /     91.00000 para network(03)
Mensaje Y / 00:04:47:770 / top(01) / packetsent /      9.00000 para Root(00)
Mensaje X / 00:04:47:770 / network(03) / in /     91.00000 para subnet1(04)
Mensaje D / 00:04:47:770 / subnet1(04) / 00:00:03:226 para network(03)
Mensaje D / 00:04:47:770 / network(03) / 00:00:03:226 para top(01)
Mensaje D / 00:04:47:770 / top(01) / 00:00:03:226 para Root(00)
Mensaje * / 00:04:50:996 / Root(00) para top(01)
Mensaje * / 00:04:50:996 / top(01) para network(03)
Mensaje * / 00:04:50:996 / network(03) para subnet1(04)
Mensaje Y / 00:04:50:996 / subnet1(04) / out /     91.00000 para network(03)
Mensaje D / 00:04:50:996 / subnet1(04) / ... para network(03)
Mensaje Y / 00:04:50:996 / network(03) / out1 /     91.00000 para top(01)
Mensaje D / 00:04:50:996 / network(03) / ... para top(01)
Mensaje X / 00:04:50:996 / top(01) / in /     91.00000 para receiver(06)
Mensaje D / 00:04:50:996 / receiver(06) / 00:00:10:000 para top(01)
Mensaje D / 00:04:50:996 / top(01) / 00:00:10:000 para Root(00)
Mensaje * / 00:05:00:996 / Root(00) para top(01)
Mensaje * / 00:05:00:996 / top(01) para receiver(06)
Mensaje Y / 00:05:00:996 / receiver(06) / out /      1.00000 para top(01)
Mensaje D / 00:05:00:996 / receiver(06) / ... para top(01)
Mensaje X / 00:05:00:996 / top(01) / in2 /      1.00000 para network(03)
Mensaje X / 00:05:00:996 / network(03) / in /      1.00000 para subnet2(05)
Mensaje D / 00:05:00:996 / subnet2(05) / 00:00:04:868 para network(03)
Mensaje D / 00:05:00:996 / network(03) / 00:00:04:868 para top(01)
Mensaje D / 00:05:00:996 / top(01) / 00:00:04:868 para Root(00)
Mensaje * / 00:05:05:864 / Root(00) para top(01)
Mensaje * / 00:05:05:864 / top(01) para network(03)
Mensaje * / 00:05:05:864 / network(03) para subnet2(05)
Mensaje Y / 00:05:05:864 / subnet2(05) / out /      1.00000 para network(03)
Mensaje D / 00:05:05:864 / subnet2(05) / ... para network(03)
Mensaje Y / 00:05:05:864 / network(03) / out2 /      1.00000 para top(01)
Mensaje D / 00:05:05:864 / network(03) / ... para top(01)
Mensaje X / 00:05:05:864 / top(01) / ackin /      1.00000 para sender(02)
Mensaje D / 00:05:05:864 / sender(02) / 00:00:00:000 para top(01)
Mensaje D / 00:05:05:864 / top(01) / 00:00:00:000 para Root(00)
Mensaje * / 00:05:05:864 / Root(00) para top(01)
Mensaje * / 00:05:05:864 / top(01) para sender(02)
Mensaje Y / 00:05:05:864 / sender(02) / ackreceived /      1.00000 para top(01)
Mensaje D / 00:05:05:864 / sender(02) / 00:00:10:000 para top(01)
Mensaje Y / 00:05:05:864 / top(01) / ackreceived /      1.00000 para Root(00)
Mensaje D / 00:05:05:864 / top(01) / 00:00:10:000 para Root(00)
Mensaje * / 00:05:15:864 / Root(00) para top(01)
Mensaje * / 00:05:15:864 / top(01) para sender(02)
Mensaje Y / 00:05:15:864 / sender(02) / dataout /    100.00000 para top(01)
Mensaje Y / 00:05:15:864 / sender(02) / packetsent /     10.00000 para top(01)
Mensaje D / 00:05:15:864 / sender(02) / 00:00:20:000 para top(01)
Mensaje X / 00:05:15:864 / top(01) / in1 /    100.00000 para network(03)
Mensaje Y / 00:05:15:864 / top(01) / packetsent /     10.00000 para Root(00)
Mensaje X / 00:05:15:864 / network(03) / in /    100.00000 para subnet1(04)
Mensaje D / 00:05:15:864 / subnet1(04) / 00:00:02:726 para network(03)
Mensaje D / 00:05:15:864 / network(03) / 00:00:02:726 para top(01)
Mensaje D / 00:05:15:864 / top(01) / 00:00:02:726 para Root(00)
Mensaje * / 00:05:18:590 / Root(00) para top(01)
Mensaje * / 00:05:18:590 / top(01) para network(03)
Mensaje * / 00:05:18:590 / network(03) para subnet1(04)
Mensaje Y / 00:05:18:590 / subnet1(04) / out /    100.00000 para network(03)
Mensaje D / 00:05:18:590 / subnet1(04) / ... para network(03)
Mensaje Y / 00:05:18:590 / network(03) / out1 /    100.00000 para top(01)
Mensaje D / 00:05:18:590 / network(03) / ... para top(01)
Mensaje X / 00:05:18:590 / top(01) / in /    100.00000 para receiver(06)
Mensaje D / 00:05:18:590 / receiver(06) / 00:00:10:000 para top(01)
Mensaje D / 00:05:18:590 / top(01) / 00:00:10:000 para Root(00)
Mensaje * / 00:05:28:590 / Root(00) para top(01)
Mensaje * / 00:05:28:590 / top(01) para receiver(06)
Mensaje Y / 00:05:28:590 / receiver(06) / out /      0.00000 para top(01)
Mensaje D / 00:05:28:590 / receiver(06) / ... para top(01)
Mensaje X / 00:05:28:590 / top(01) / in2 /      0.00000 para network(03)
Mensaje X / 00:05:28:590 / network(03) / in /      0.00000 para subnet2(05)
Mensaje D / 00:05:28:590 / subnet2(05) / 00:00:04:622 para network(03)
Mensaje D / 00:05:28:590 / network(03) / 00:00:04:622 para top(01)
Mensaje D / 00:05:28:590 / top(01) / 00:00:04:622 para Root(00)
Mensaje * / 00:05:33:212 / Root(00) para top(01)
Mensaje * / 00:05:33:212 / top(01) para network(03)
Mensaje * / 00:05:33:212 / network(03) para subnet2(05)
Mensaje Y / 00:05:33:212 / subnet2(05) / out /      0.00000 para network(03)
Mensaje D / 00:05:33:212 / subnet2(05) / ... para network(03)
Mensaje Y / 00:05:33:212 / network(03) / out2 /      0.00000 para top(01)
Mensaje D / 00:05:33:212 / network(03) / ... para top(01)
Mensaje X / 00:05:33:212 / top(01) / ackin /      0.00000 para sender(02)
Mensaje D / 00:05:33:212 / sender(02) / 00:00:00:000 para top(01)
Mensaje D / 00:05:33:212 / top(01) / 00:00:00:000 para Root(00)
Mensaje * / 00:05:33:212 / Root(00) para top(01)
Mensaje * / 00:05:33:212 / top(01) para sender(02)
Mensaje Y / 00:05:33:212 / sender(02) / ackreceived /      0.00000 para top(01)
Mensaje D / 00:05:33:212 / sender(02) / 00:00:10:000 para top(01)
Mensaje Y / 00:05:33:212 / top(01) / ackreceived /      0.00000 para Root(00)
Mensaje D / 00:05:33:212 / top(01) / 00:00:10:000 para Root(00)
Mensaje * / 00:05:43:212 / Root(00) para top(01)
Mensaje * / 00:05:43:212 / top(01) para sender(02)
Mensaje Y / 00:05:43:212 / sender(02) / dataout /    111.00000 para top(01)
Mensaje Y / 00:05:43:212 / sender(02) / packetsent /     11.00000 para top(01)
Mensaje D / 00:05:43:212 / sender(02) / 00:00:20:000 para top(01)
Mensaje X / 00:05:43:212 / top(01) / in1 /    111.00000 para network(03)
Mensaje Y / 00:05:43:212 / top(01) / packetsent /     11.00000 para Root(00)
Mensaje X / 00:05:43:212 / network(03) / in /    111.00000 para subnet1(04)
Mensaje D / 00:05:43:212 / subnet1(04) / 00:00:02:382 para network(03)
Mensaje D / 00:05:43:212 / network(03) / 00:00:02:382 para top(01)
Mensaje D / 00:05:43:212 / top(01) / 00:00:02:382 para Root(00)
Mensaje * / 00:05:45:594 / Root(00) para top(01)
Mensaje * / 00:05:45:594 / top(01) para network(03)
Mensaje * / 00:05:45:594 / network(03) para subnet1(04)
Mensaje Y / 00:05:45:594 / subnet1(04) / out /    111.00000 para network(03)
Mensaje D / 00:05:45:594 / subnet1(04) / ... para network(03)
Mensaje Y / 00:05:45:594 / network(03) / out1 /    111.00000 para top(01)
Mensaje D / 00:05:45:594 / network(03) / ... para top(01)
Mensaje X / 00:05:45:594 / top(01) / in /    111.00000 para receiver(06)
Mensaje D / 00:05:45:594 / receiver(06) / 00:00:10:000 para top(01)
Mensaje D / 00:05:45:594 / top(01) / 00:00:10:000 para Root(00)
Mensaje * / 00:05:55:594 / Root(00) para top(01)
Mensaje * / 00:05:55:594 / top(01) para receiver(06)
Mensaje Y / 00:05:55:594 / receiver(06) / out /      1.00000 para top(01)
Mensaje D / 00:05:55:594 / receiver(06) / ... para top(01)
Mensaje X / 00:05:55:594 / top(01) / in2 /      1.00000 para network(03)
Mensaje X / 00:05:55:594 / network(03) / in /      1.00000 para subnet2(05)
Mensaje D / 00:05:55:594 / subnet2(05) / 00:00:03:112 para network(03)
Mensaje D / 00:05:55:594 / network(03) / 00:00:03:112 para top(01)
Mensaje D / 00:05:55:594 / top(01) / 00:00:03:112 para Root(00)
Mensaje * / 00:05:58:706 / Root(00) para top(01)
Mensaje * / 00:05:58:706 / top(01) para network(03)
Mensaje * / 00:05:58:706 / network(03) para subnet2(05)
Mensaje Y / 00:05:58:706 / subnet2(05) / out /      1.00000 para network(03)
Mensaje D / 00:05:58:706 / subnet2(05) / ... para network(03)
Mensaje Y / 00:05:58:706 / network(03) / out2 /      1.00000 para top(01)
Mensaje D / 00:05:58:706 / network(03) / ... para top(01)
Mensaje X / 00:05:58:706 / top(01) / ackin /      1.00000 para sender(02)
Mensaje D / 00:05:58:706 / sender(02) / 00:00:00:000 para top(01)
Mensaje D / 00:05:58:706 / top(01) / 00:00:00:000 para Root(00)
Mensaje * / 00:05:58:706 / Root(00) para top(01)
Mensaje * / 00:05:58:706 / top(01) para sender(02)
Mensaje Y / 00:05:58:706 / sender(02) / ackreceived /      1.00000 para top(01)
Mensaje D / 00:05:58:706 / sender(02) / 00:00:10:000 para top(01)
Mensaje Y / 00:05:58:706 / top(01) / ackreceived /      1.00000 para Root(00)
Mensaje D / 00:05:58:706 / top(01) / 00:00:10:000 para Root(00)
Mensaje * / 00:06:08:706 / Root(00) para top(01)
Mensaje * / 00:06:08:706 / top(01) para sender(02)
Mensaje Y / 00:06:08:706 / sender(02) / dataout /    120.00000 para top(01)
Mensaje Y / 00:06:08:706 / sender(02) / packetsent /     12.00000 para top(01)
Mensaje D / 00:06:08:706 / sender(02) / 00:00:20:000 para top(01)
Mensaje X / 00:06:08:706 / top(01) / in1 /    120.00000 para network(03)
Mensaje Y / 00:06:08:706 / top(01) / packetsent /     12.00000 para Root(00)
Mensaje X / 00:06:08:706 / network(03) / in /    120.00000 para subnet1(04)
Mensaje D / 00:06:08:706 / subnet1(04) / 00:00:02:837 para network(03)
Mensaje D / 00:06:08:706 / network(03) / 00:00:02:837 para top(01)
Mensaje D / 00:06:08:706 / top(01) / 00:00:02:837 para Root(00)
Mensaje * / 00:06:11:543 / Root(00) para top(01)
Mensaje * / 00:06:11:543 / top(01) para network(03)
Mensaje * / 00:06:11:543 / network(03) para subnet1(04)
Mensaje Y / 00:06:11:543 / subnet1(04) / out /    120.00000 para network(03)
Mensaje D / 00:06:11:543 / subnet1(04) / ... para network(03)
Mensaje Y / 00:06:11:543 / network(03) / out1 /    120.00000 para top(01)
Mensaje D / 00:06:11:543 / network(03) / ... para top(01)
Mensaje X / 00:06:11:543 / top(01) / in /    120.00000 para receiver(06)
Mensaje D / 00:06:11:543 / receiver(06) / 00:00:10:000 para top(01)
Mensaje D / 00:06:11:543 / top(01) / 00:00:10:000 para Root(00)
Mensaje * / 00:06:21:543 / Root(00) para top(01)
Mensaje * / 00:06:21:543 / top(01) para receiver(06)
Mensaje Y / 00:06:21:543 / receiver(06) / out /      0.00000 para top(01)
Mensaje D / 00:06:21:543 / receiver(06) / ... para top(01)
Mensaje X / 00:06:21:543 / top(01) / in2 /      0.00000 para network(03)
Mensaje X / 00:06:21:543 / network(03) / in /      0.00000 para subnet2(05)
Mensaje D / 00:06:21:543 / subnet2(05) / 00:00:03:314 para network(03)
Mensaje D / 00:06:21:543 / network(03) / 00:00:03:314 para top(01)
Mensaje D / 00:06:21:543 / top(01) / 00:00:03:314 para Root(00)
Mensaje * / 00:06:24:857 / Root(00) para top(01)
Mensaje * / 00:06:24:857 / top(01) para network(03)
Mensaje * / 00:06:24:857 / network(03) para subnet2(05)
Mensaje Y / 00:06:24:857 / subnet2(05) / out /      0.00000 para network(03)
Mensaje D / 00:06:24:857 / subnet2(05) / ... para network(03)
Mensaje Y / 00:06:24:857 / network(03) / out2 /      0.00000 para top(01)
Mensaje D / 00:06:24:857 / network(03) / ... para top(01)
Mensaje X / 00:06:24:857 / top(01) / ackin /      0.00000 para sender(02)
Mensaje D / 00:06:24:857 / sender(02) / 00:00:00:000 para top(01)
Mensaje D / 00:06:24:857 / top(01) / 00:00:00:000 para Root(00)
Mensaje * / 00:06:24:857 / Root(00) para top(01)
Mensaje * / 00:06:24:857 / top(01) para sender(02)
Mensaje Y / 00:06:24:857 / sender(02) / ackreceived /      0.00000 para top(01)
Mensaje D / 00:06:24:857 / sender(02) / 00:00:10:000 para top(01)
Mensaje Y / 00:06:24:857 / top(01) / ackreceived /      0.00000 para Root(00)
Mensaje D / 00:06:24:857 / top(01) / 00:00:10:000 para Root(00)
Mensaje * / 00:06:34:857 / Root(00) para top(01)
Mensaje * / 00:06:34:857 / top(01) para sender(02)
Mensaje Y / 00:06:34:857 / sender(02) / dataout /    131.00000 para top(01)
Mensaje Y / 00:06:34:857 / sender(02) / packetsent /     13.00000 para top(01)
Mensaje D / 00:06:34:857 / sender(02) / 00:00:20:000 para top(01)
Mensaje X / 00:06:34:857 / top(01) / in1 /    131.00000 para network(03)
Mensaje Y / 00:06:34:857 / top(01) / packetsent /     13.00000 para Root(00)
Mensaje X / 00:06:34:857 / network(03) / in /    131.00000 para subnet1(04)
Mensaje D / 00:06:34:857 / subnet1(04) / 00:00:01:499 para network(03)
Mensaje D / 00:06:34:857 / network(03) / 00:00:01:499 para top(01)
Mensaje D / 00:06:34:857 / top(01) / 00:00:01:499 para Root(00)
Mensaje * / 00:06:36:356 / Root(00) para top(01)
Mensaje * / 00:06:36:356 / top(01) para network(03)
Mensaje * / 00:06:36:356 / network(03) para subnet1(04)
Mensaje Y / 00:06:36:356 / subnet1(04) / out /    131.00000 para network(03)
Mensaje D / 00:06:36:356 / subnet1(04) / ... para network(03)
Mensaje Y / 00:06:36:356 / network(03) / out1 /    131.00000 para top(01)
Mensaje D / 00:06:36:356 / network(03) / ... para top(01)
Mensaje X / 00:06:36:356 / top(01) / in /    131.00000 para receiver(06)
Mensaje D / 00:06:36:356 / receiver(06) / 00:00:10:000 para top(01)
Mensaje D / 00:06:36:356 / top(01) / 00:00:10:000 para Root(00)
Mensaje * / 00:06:46:356 / Root(00) para top(01)
Mensaje * / 00:06:46:356 / top(01) para receiver(06)
Mensaje Y / 00:06:46:356 / receiver(06) / out /      1.00000 para top(01)
Mensaje D / 00:06:46:356 / receiver(06) / ... para top(01)
Mensaje X / 00:06:46:356 / top(01) / in2 /      1.00000 para network(03)
Mensaje X / 00:06:46:356 / network(03) / in /      1.00000 para subnet2(05)
Mensaje D / 00:06:46:356 / subnet2(05) / 00:00:03:228 para network(03)
Mensaje D / 00:06:46:356 / network(03) / 00:00:03:228 para top(01)
Mensaje D / 00:06:46:356 / top(01) / 00:00:03:228 para Root(00)
Mensaje * / 00:06:49:584 / Root(00) para top(01)
Mensaje * / 00:06:49:584 / top(01) para network(03)
Mensaje * / 00:06:49:584 / network(03) para subnet2(05)
Mensaje Y / 00:06:49:584 / subnet2(05) / out /      1.00000 para network(03)
Mensaje D / 00:06:49:584 / subnet2(05) / ... para network(03)
Mensaje Y / 00:06:49:584 / network(03) / out2 /      1.00000 para top(01)
Mensaje D / 00:06:49:584 / network(03) / ... para top(01)
Mensaje X / 00:06:49:584 / top(01) / ackin /      1.00000 para sender(02)
Mensaje D / 00:06:49:584 / sender(02) / 00:00:00:000 para top(01)
Mensaje D / 00:06:49:584 / top(01) / 00:00:00:000 para Root(00)
Mensaje * / 00:06:49:584 / Root(00) para top(01)
Mensaje * / 00:06:49:584 / top(01) para sender(02)
Mensaje Y / 00:06:49:584 / sender(02) / ackreceived /      1.00000 para top(01)
Mensaje D / 00:06:49:584 / sender(02) / 00:00:10:000 para top(01)
Mensaje Y / 00:06:49:584 / top(01) / ackreceived /      1.00000 para Root(00)
Mensaje D / 00:06:49:584 / top(01) / 00:00:10:000 para Root(00)
Mensaje * / 00:06:59:584 / Root(00) para top(01)
Mensaje * / 00:06:59:584 / top(01) para sender(02)
Mensaje Y / 00:06:59:584 / sender(02) / dataout /    140.00000 para top(01)
Mensaje Y / 00:06:59:584 / sender(02) / packetsent /     14.00000 para top(01)
Mensaje D / 00:06:59:584 / sender(02) / 00:00:20:000 para top(01)
Mensaje X / 00:06:59:584 / top(01) / in1 /    140.00000 para network(03)
Mensaje Y / 00:06:59:584 / top(01) / packetsent /     14.00000 para Root(00)
Mensaje X / 00:06:59:584 / network(03) / in /    140.00000 para subnet1(04)
Mensaje D / 00:06:59:584 / subnet1(04) / 00:00:03:536 para network(03)
Mensaje D / 00:06:59:584 / network(03) / 00:00:03:536 para top(01)
Mensaje D / 00:06:59:584 / top(01) / 00:00:03:536 para Root(00)
Mensaje * / 00:07:03:120 / Root(00) para top(01)
Mensaje * / 00:07:03:120 / top(01) para network(03)
Mensaje * / 00:07:03:120 / network(03) para subnet1(04)
Mensaje Y / 00:07:03:120 / subnet1(04) / out /    140.00000 para network(03)
Mensaje D / 00:07:03:120 / subnet1(04) / ... para network(03)
Mensaje Y / 00:07:03:120 / network(03) / out1 /    140.00000 para top(01)
Mensaje D / 00:07:03:120 / network(03) / ... para top(01)
Mensaje X / 00:07:03:120 / top(01) / in /    140.00000 para receiver(06)
Mensaje D / 00:07:03:120 / receiver(06) / 00:00:10:000 para top(01)
Mensaje D / 00:07:03:120 / top(01) / 00:00:10:000 para Root(00)
Mensaje * / 00:07:13:120 / Root(00) para top(01)
Mensaje * / 00:07:13:120 / top(01) para receiver(06)
Mensaje Y / 00:07:13:120 / receiver(06) / out /      0.00000 para top(01)
Mensaje D / 00:07:13:120 / receiver(06) / ... para top(01)
Mensaje X / 00:07:13:120 / top(01) / in2 /      0.00000 para network(03)
Mensaje X / 00:07:13:120 / network(03) / in /      0.00000 para subnet2(05)
Mensaje D / 00:07:13:120 / subnet2(05) / 00:00:03:989 para network(03)
Mensaje D / 00:07:13:120 / network(03) / 00:00:03:989 para top(01)
Mensaje D / 00:07:13:120 / top(01) / 00:00:03:989 para Root(00)
Mensaje * / 00:07:17:109 / Root(00) para top(01)
Mensaje * / 00:07:17:109 / top(01) para network(03)
Mensaje * / 00:07:17:109 / network(03) para subnet2(05)
Mensaje Y / 00:07:17:109 / subnet2(05) / out /      0.00000 para network(03)
Mensaje D / 00:07:17:109 / subnet2(05) / ... para network(03)
Mensaje Y / 00:07:17:109 / network(03) / out2 /      0.00000 para top(01)
Mensaje D / 00:07:17:109 / network(03) / ... para top(01)
Mensaje X / 00:07:17:109 / top(01) / ackin /      0.00000 para sender(02)
Mensaje D / 00:07:17:109 / sender(02) / 00:00:00:000 para top(01)
Mensaje D / 00:07:17:109 / top(01) / 00:00:00:000 para Root(00)
Mensaje * / 00:07:17:109 / Root(00) para top(01)
Mensaje * / 00:07:17:109 / top(01) para sender(02)
Mensaje Y / 00:07:17:109 / sender(02) / ackreceived /      0.00000 para top(01)
Mensaje D / 00:07:17:109 / sender(02) / 00:00:10:000 para top(01)
Mensaje Y / 00:07:17:109 / top(01) / ackreceived /      0.00000 para Root(00)
Mensaje D / 00:07:17:109 / top(01) / 00:00:10:000 para Root(00)
Mensaje * / 00:07:27:109 / Root(00) para top(01)
Mensaje * / 00:07:27:109 / top(01) para sender(02)
Mensaje Y / 00:07:27:109 / sender(02) / dataout /    151.00000 para top(01)
Mensaje Y / 00:07:27:109 / sender(02) / packetsent /     15.00000 para top(01)
Mensaje D / 00:07:27:109 / sender(02) / 00:00:20:000 para top(01)
Mensaje X / 00:07:27:109 / top(01) / in1 /    151.00000 para network(03)
Mensaje Y / 00:07:27:109 / top(01) / packetsent /     15.00000 para Root(00)
Mensaje X / 00:07:27:109 / network(03) / in /    151.00000 para subnet1(04)
Mensaje D / 00:07:27:109 / subnet1(04) / 00:00:02:532 para network(03)
Mensaje D / 00:07:27:109 / network(03) / 00:00:02:532 para top(01)
Mensaje D / 00:07:27:109 / top(01) / 00:00:02:532 para Root(00)
Mensaje * / 00:07:29:641 / Root(00) para top(01)
Mensaje * / 00:07:29:641 / top(01) para network(03)
Mensaje * / 00:07:29:641 / network(03) para subnet1(04)
Mensaje Y / 00:07:29:641 / subnet1(04) / out /    151.00000 para network(03)
Mensaje D / 00:07:29:641 / subnet1(04) / ... para network(03)
Mensaje Y / 00:07:29:641 / network(03) / out1 /    151.00000 para top(01)
Mensaje D / 00:07:29:641 / network(03) / ... para top(01)
Mensaje X / 00:07:29:641 / top(01) / in /    151.00000 para receiver(06)
Mensaje D / 00:07:29:641 / receiver(06) / 00:00:10:000 para top(01)
Mensaje D / 00:07:29:641 / top(01) / 00:00:10:000 para Root(00)
Mensaje * / 00:07:39:641 / Root(00) para top(01)
Mensaje * / 00:07:39:641 / top(01) para receiver(06)
Mensaje Y / 00:07:39:641 / receiver(06) / out /      1.00000 para top(01)
Mensaje D / 00:07:39:641 / receiver(06) / ... para top(01)
Mensaje X / 00:07:39:641 / top(01) / in2 /      1.00000 para network(03)
Mensaje X / 00:07:39:641 / network(03) / in /      1.00000 para subnet2(05)
Mensaje D / 00:07:39:641 / subnet2(05) / 00:00:02:984 para network(03)
Mensaje D / 00:07:39:641 / network(03) / 00:00:02:984 para top(01)
Mensaje D / 00:07:39:641 / top(01) / 00:00:02:984 para Root(00)
Mensaje * / 00:07:42:625 / Root(00) para top(01)
Mensaje * / 00:07:42:625 / top(01) para network(03)
Mensaje * / 00:07:42:625 / network(03) para subnet2(05)
Mensaje Y / 00:07:42:625 / subnet2(05) / out /      1.00000 para network(03)
Mensaje D / 00:07:42:625 / subnet2(05) / ... para network(03)
Mensaje Y / 00:07:42:625 / network(03) / out2 /      1.00000 para top(01)
Mensaje D / 00:07:42:625 / network(03) / ... para top(01)
Mensaje X / 00:07:42:625 / top(01) / ackin /      1.00000 para sender(02)
Mensaje D / 00:07:42:625 / sender(02) / 00:00:00:000 para top(01)
Mensaje D / 00:07:42:625 / top(01) / 00:00:00:000 para Root(00)
Mensaje * / 00:07:42:625 / Root(00) para top(01)
Mensaje * / 00:07:42:625 / top(01) para sender(02)
Mensaje Y / 00:07:42:625 / sender(02) / ackreceived /      1.00000 para top(01)
Mensaje D / 00:07:42:625 / sender(02) / 00:00:10:000 para top(01)
Mensaje Y / 00:07:42:625 / top(01) / ackreceived /      1.00000 para Root(00)
Mensaje D / 00:07:42:625 / top(01) / 00:00:10:000 para Root(00)
Mensaje * / 00:07:52:625 / Root(00) para top(01)
Mensaje * / 00:07:52:625 / top(01) para sender(02)
Mensaje Y / 00:07:52:625 / sender(02) / dataout /    160.00000 para top(01)
Mensaje Y / 00:07:52:625 / sender(02) / packetsent /     16.00000 para top(01)
Mensaje D / 00:07:52:625 / sender(02) / 00:00:20:000 para top(01)
Mensaje X / 00:07:52:625 / top(01) / in1 /    160.00000 para network(03)
Mensaje Y / 00:07:52:625 / top(01) / packetsent /     16.00000 para Root(00)
Mensaje X / 00:07:52:625 / network(03) / in /    160.00000 para subnet1(04)
Mensaje D / 00:07:52:625 / subnet1(04) / 00:00:01:653 para network(03)
Mensaje D / 00:07:52:625 / network(03) / 00:00:01:653 para top(01)
Mensaje D / 00:07:52:625 / top(01) / 00:00:01:653 para Root(00)
Mensaje * / 00:07:54:278 / Root(00) para top(01)
Mensaje * / 00:07:54:278 / top(01) para network(03)
Mensaje * / 00:07:54:278 / network(03) para subnet1(04)
Mensaje Y / 00:07:54:278 / subnet1(04) / out /    160.00000 para network(03)
Mensaje D / 00:07:54:278 / subnet1(04) / ... para network(03)
Mensaje Y / 00:07:54:278 / network(03) / out1 /    160.00000 para top(01)
Mensaje D / 00:07:54:278 / network(03) / ... para top(01)
Mensaje X / 00:07:54:278 / top(01) / in /    160.00000 para receiver(06)
Mensaje D / 00:07:54:278 / receiver(06) / 00:00:10:000 para top(01)
Mensaje D / 00:07:54:278 / top(01) / 00:00:10:000 para Root(00)
Mensaje * / 00:08:04:278 / Root(00) para top(01)
Mensaje * / 00:08:04:278 / top(01) para receiver(06)
Mensaje Y / 00:08:04:278 / receiver(06) / out /      0.00000 para top(01)
Mensaje D / 00:08:04:278 / receiver(06) / ... para top(01)
Mensaje X / 00:08:04:278 / top(01) / in2 /      0.00000 para network(03)
Mensaje X / 00:08:04:278 / network(03) / in /      0.00000 para subnet2(05)
Mensaje D / 00:08:04:278 / subnet2(05) / 00:00:03:519 para network(03)
Mensaje D / 00:08:04:278 / network(03) / 00:00:03:519 para top(01)
Mensaje D / 00:08:04:278 / top(01) / 00:00:03:519 para Root(00)
Mensaje * / 00:08:07:797 / Root(00) para top(01)
Mensaje * / 00:08:07:797 / top(01) para network(03)
Mensaje * / 00:08:07:797 / network(03) para subnet2(05)
Mensaje Y / 00:08:07:797 / subnet2(05) / out /      0.00000 para network(03)
Mensaje D / 00:08:07:797 / subnet2(05) / ... para network(03)
Mensaje Y / 00:08:07:797 / network(03) / out2 /      0.00000 para top(01)
Mensaje D / 00:08:07:797 / network(03) / ... para top(01)
Mensaje X / 00:08:07:797 / top(01) / ackin /      0.00000 para sender(02)
Mensaje D / 00:08:07:797 / sender(02) / 00:00:00:000 para top(01)
Mensaje D / 00:08:07:797 / top(01) / 00:00:00:000 para Root(00)
Mensaje * / 00:08:07:797 / Root(00) para top(01)
Mensaje * / 00:08:07:797 / top(01) para sender(02)
Mensaje Y / 00:08:07:797 / sender(02) / ackreceived /      0.00000 para top(01)
Mensaje D / 00:08:07:797 / sender(02) / 00:00:10:000 para top(01)
Mensaje Y / 00:08:07:797 / top(01) / ackreceived /      0.00000 para Root(00)
Mensaje D / 00:08:07:797 / top(01) / 00:00:10:000 para Root(00)
Mensaje * / 00:08:17:797 / Root(00) para top(01)
Mensaje * / 00:08:17:797 / top(01) para sender(02)
Mensaje Y / 00:08:17:797 / sender(02) / dataout /    171.00000 para top(01)
Mensaje Y / 00:08:17:797 / sender(02) / packetsent /     17.00000 para top(01)
Mensaje D / 00:08:17:797 / sender(02) / 00:00:20:000 para top(01)
Mensaje X / 00:08:17:797 / top(01) / in1 /    171.00000 para network(03)
Mensaje Y / 00:08:17:797 / top(01) / packetsent /     17.00000 para Root(00)
Mensaje X / 00:08:17:797 / network(03) / in /    171.00000 para subnet1(04)
Mensaje D / 00:08:17:797 / subnet1(04) / 00:00:04:129 para network(03)
Mensaje D / 00:08:17:797 / network(03) / 00:00:04:129 para top(01)
Mensaje D / 00:08:17:797 / top(01) / 00:00:04:129 para Root(00)
Mensaje * / 00:08:21:926 / Root(00) para top(01)
Mensaje * / 00:08:21:926 / top(01) para network(03)
Mensaje * / 00:08:21:926 / network(03) para subnet1(04)
Mensaje Y / 00:08:21:926 / subnet1(04) / out /    171.00000 para network(03)
Mensaje D / 00:08:21:926 / subnet1(04) / ... para network(03)
Mensaje Y / 00:08:21:926 / network(03) / out1 /    171.00000 para top(01)
Mensaje D / 00:08:21:926 / network(03) / ... para top(01)
Mensaje X / 00:08:21:926 / top(01) / in /    171.00000 para receiver(06)
Mensaje D / 00:08:21:926 / receiver(06) / 00:00:10:000 para top(01)
Mensaje D / 00:08:21:926 / top(01) / 00:00:10:000 para Root(00)
Mensaje * / 00:08:31:926 / Root(00) para top(01)
Mensaje * / 00:08:31:926 / top(01) para receiver(06)
Mensaje Y / 00:08:31:926 / receiver(06) / out /      1.00000 para top(01)
Mensaje D / 00:08:31:926 / receiver(06) / ... para top(01)
Mensaje X / 00:08:31:926 / top(01) / in2 /      1.00000 para network(03)
Mensaje X / 00:08:31:926 / network(03) / in /      1.00000 para subnet2(05)
Mensaje D / 00:08:31:926 / subnet2(05) / 00:00:02:543 para network(03)
Mensaje D / 00:08:31:926 / network(03) / 00:00:02:543 para top(01)
Mensaje D / 00:08:31:926 / top(01) / 00:00:02:543 para Root(00)
Mensaje * / 00:08:34:469 / Root(00) para top(01)
Mensaje * / 00:08:34:469 / top(01) para network(03)
Mensaje * / 00:08:34:469 / network(03) para subnet2(05)
Mensaje Y / 00:08:34:469 / subnet2(05) / out /      1.00000 para network(03)
Mensaje D / 00:08:34:469 / subnet2(05) / ... para network(03)
Mensaje Y / 00:08:34:469 / network(03) / out2 /      1.00000 para top(01)
Mensaje D / 00:08:34:469 / network(03) / ... para top(01)
Mensaje X / 00:08:34:469 / top(01) / ackin /      1.00000 para sender(02)
Mensaje D / 00:08:34:469 / sender(02) / 00:00:00:000 para top(01)
Mensaje D / 00:08:34:469 / top(01) / 00:00:00:000 para Root(00)
Mensaje * / 00:08:34:469 / Root(00) para top(01)
Mensaje * / 00:08:34:469 / top(01) para sender(02)
Mensaje Y / 00:08:34:469 / sender(02) / ackreceived /      1.00000 para top(01)
Mensaje D / 00:08:34:469 / sender(02) / 00:00:10:000 para top(01)
Mensaje Y / 00:08:34:469 / top(01) / ackreceived /      1.00000 para Root(00)
Mensaje D / 00:08:34:469 / top(01) / 00:00:10:000 para Root(00)
Mensaje * / 00:08:44:469 / Root(00) para top(01)
Mensaje * / 00:08:44:469 / top(01) para sender(02)
Mensaje Y / 00:08:44:469 / sender(02) / dataout /    180.00000 para top(01)
Mensaje Y / 00:08:44:469 / sender(02) / packetsent /     18.00000 para top(01)
Mensaje D / 00:08:44:469 / sender(02) / 00:00:20:000 para top(01)
Mensaje X / 00:08:44:469 / top(01) / in1 /    180.00000 para network(03)
Mensaje Y / 00:08:44:469 / top(01) / packetsent /     18.00000 para Root(00)
Mensaje X / 00:08:44:469 / network(03) / in /    180.00000 para subnet1(04)
Mensaje D / 00:08:44:469 / subnet1(04) / 00:00:02:556 para network(03)
Mensaje D / 00:08:44:469 / network(03) / 00:00:02:556 para top(01)
Mensaje D / 00:08:44:469 / top(01) / 00:00:02:556 para Root(00)
Mensaje * / 00:08:47:025 / Root(00) para top(01)
Mensaje * / 00:08:47:025 / top(01) para network(03)
Mensaje * / 00:08:47:025 / network(03) para subnet1(04)
Mensaje D / 00:08:47:025 / subnet1(04) / ... para network(03)
Mensaje D / 00:08:47:025 / network(03) / ... para top(01)
Mensaje D / 00:08:47:025 / top(01) / 00:00:17:444 para Root(00)
Mensaje * / 00:09:04:469 / Root(00) para top(01)
Mensaje * / 00:09:04:469 / top(01) para sender(02)
Mensaje D / 00:09:04:469 / sender(02) / 00:00:10:000 para top(01)
Mensaje D / 00:09:04:469 / top(01) / 00:00:10:000 para Root(00)
Mensaje * / 00:09:14:469 / Root(00) para top(01)
Mensaje * / 00:09:14:469 / top(01) para sender(02)
Mensaje Y / 00:09:14:469 / sender(02) / dataout /    180.00000 para top(01)
Mensaje Y / 00:09:14:469 / sender(02) / packetsent /     18.00000 para top(01)
Mensaje D / 00:09:14:469 / sender(02) / 00:00:20:000 para top(01)
Mensaje X / 00:09:14:469 / top(01) / in1 /    180.00000 para network(03)
Mensaje Y / 00:09:14:469 / top(01) / packetsent /     18.00000 para Root(00)
Mensaje X / 00:09:14:469 / network(03) / in /    180.00000 para subnet1(04)
Mensaje D / 00:09:14:469 / subnet1(04) / 00:00:02:188 para network(03)
Mensaje D / 00:09:14:469 / network(03) / 00:00:02:188 para top(01)
Mensaje D / 00:09:14:469 / top(01) / 00:00:02:188 para Root(00)
Mensaje * / 00:09:16:657 / Root(00) para top(01)
Mensaje * / 00:09:16:657 / top(01) para network(03)
Mensaje * / 00:09:16:657 / network(03) para subnet1(04)
Mensaje Y / 00:09:16:657 / subnet1(04) / out /    180.00000 para network(03)
Mensaje D / 00:09:16:657 / subnet1(04) / ... para network(03)
Mensaje Y / 00:09:16:657 / network(03) / out1 /    180.00000 para top(01)
Mensaje D / 00:09:16:657 / network(03) / ... para top(01)
Mensaje X / 00:09:16:657 / top(01) / in /    180.00000 para receiver(06)
Mensaje D / 00:09:16:657 / receiver(06) / 00:00:10:000 para top(01)
Mensaje D / 00:09:16:657 / top(01) / 00:00:10:000 para Root(00)
Mensaje * / 00:09:26:657 / Root(00) para top(01)
Mensaje * / 00:09:26:657 / top(01) para receiver(06)
Mensaje Y / 00:09:26:657 / receiver(06) / out /      0.00000 para top(01)
Mensaje D / 00:09:26:657 / receiver(06) / ... para top(01)
Mensaje X / 00:09:26:657 / top(01) / in2 /      0.00000 para network(03)
Mensaje X / 00:09:26:657 / network(03) / in /      0.00000 para subnet2(05)
Mensaje D / 00:09:26:657 / subnet2(05) / 00:00:04:577 para network(03)
Mensaje D / 00:09:26:657 / network(03) / 00:00:04:577 para top(01)
Mensaje D / 00:09:26:657 / top(01) / 00:00:04:577 para Root(00)
Mensaje * / 00:09:31:234 / Root(00) para top(01)
Mensaje * / 00:09:31:234 / top(01) para network(03)
Mensaje * / 00:09:31:234 / network(03) para subnet2(05)
Mensaje Y / 00:09:31:234 / subnet2(05) / out /      0.00000 para network(03)
Mensaje D / 00:09:31:234 / subnet2(05) / ... para network(03)
Mensaje Y / 00:09:31:234 / network(03) / out2 /      0.00000 para top(01)
Mensaje D / 00:09:31:234 / network(03) / ... para top(01)
Mensaje X / 00:09:31:234 / top(01) / ackin /      0.00000 para sender(02)
Mensaje D / 00:09:31:234 / sender(02) / 00:00:00:000 para top(01)
Mensaje D / 00:09:31:234 / top(01) / 00:00:00:000 para Root(00)
Mensaje * / 00:09:31:234 / Root(00) para top(01)
Mensaje * / 00:09:31:234 / top(01) para sender(02)
Mensaje Y / 00:09:31:234 / sender(02) / ackreceived /      0.00000 para top(01)
Mensaje D / 00:09:31:234 / sender(02) / 00:00:10:000 para top(01)
Mensaje Y / 00:09:31:234 / top(01) / ackreceived /      0.00000 para Root(00)
Mensaje D / 00:09:31:234 / top(01) / 00:00:10:000 para Root(00)
Mensaje * / 00:09:41:234 / Root(00) para top(01)
Mensaje * / 00:09:41:234 / top(01) para sender(02)
Mensaje Y / 00:09:41:234 / sender(02) / dataout /    191.00000 para top(01)
Mensaje Y / 00:09:41:234 / sender(02) / packetsent /     19.00000 para top(01)
Mensaje D / 00:09:41:234 / sender(02) / 00:00:20:000 para top(01)
Mensaje X / 00:09:41:234 / top(01) / in1 /    191.00000 para network(03)
Mensaje Y / 00:09:41:234 / top(01) / packetsent /     19.00000 para Root(00)
Mensaje X / 00:09:41:234 / network(03) / in /    191.00000 para subnet1(04)
Mensaje D / 00:09:41:234 / subnet1(04) / 00:00:02:281 para network(03)
Mensaje D / 00:09:41:234 / network(03) / 00:00:02:281 para top(01)
Mensaje D / 00:09:41:234 / top(01) / 00:00:02:281 para Root(00)
Mensaje * / 00:09:43:515 / Root(00) para top(01)
Mensaje * / 00:09:43:515 / top(01) para network(03)
Mensaje * / 00:09:43:515 / network(03) para subnet1(04)
Mensaje Y / 00:09:43:515 / subnet1(04) / out /    191.00000 para network(03)
Mensaje D / 00:09:43:515 / subnet1(04) / ... para network(03)
Mensaje Y / 00:09:43:515 / network(03) / out1 /    191.00000 para top(01)
Mensaje D / 00:09:43:515 / network(03) / ... para top(01)
Mensaje X / 00:09:43:515 / top(01) / in /    191.00000 para receiver(06)
Mensaje D / 00:09:43:515 / receiver(06) / 00:00:10:000 para top(01)
Mensaje D / 00:09:43:515 / top(01) / 00:00:10:000 para Root(00)
Mensaje * / 00:09:53:515 / Root(00) para top(01)
Mensaje * / 00:09:53:515 / top(01) para receiver(06)
Mensaje Y / 00:09:53:515 / receiver(06) / out /      1.00000 para top(01)
Mensaje D / 00:09:53:515 / receiver(06) / ... para top(01)
Mensaje X / 00:09:53:515 / top(01) / in2 /      1.00000 para network(03)
Mensaje X / 00:09:53:515 / network(03) / in /      1.00000 para subnet2(05)
Mensaje D / 00:09:53:515 / subnet2(05) / 00:00:00:303 para network(03)
Mensaje D / 00:09:53:515 / network(03) / 00:00:00:303 para top(01)
Mensaje D / 00:09:53:515 / top(01) / 00:00:00:303 para Root(00)
Mensaje * / 00:09:53:818 / Root(00) para top(01)
Mensaje * / 00:09:53:818 / top(01) para network(03)
Mensaje * / 00:09:53:818 / network(03) para subnet2(05)
Mensaje Y / 00:09:53:818 / subnet2(05) / out /      1.00000 para network(03)
Mensaje D / 00:09:53:818 / subnet2(05) / ... para network(03)
Mensaje Y / 00:09:53:818 / network(03) / out2 /      1.00000 para top(01)
Mensaje D / 00:09:53:818 / network(03) / ... para top(01)
Mensaje X / 00:09:53:818 / top(01) / ackin /      1.00000 para sender(02)
Mensaje D / 00:09:53:818 / sender(02) / 00:00:00:000 para top(01)
Mensaje D / 00:09:53:818 / top(01) / 00:00:00:000 para Root(00)
Mensaje * / 00:09:53:818 / Root(00) para top(01)
Mensaje * / 00:09:53:818 / top(01) para sender(02)
Mensaje Y / 00:09:53:818 / sender(02) / ackreceived /      1.00000 para top(01)
Mensaje D / 00:09:53:818 / sender(02) / 00:00:10:000 para top(01)
Mensaje Y / 00:09:53:818 / top(01) / ackreceived /      1.00000 para Root(00)
Mensaje D / 00:09:53:818 / top(01) / 00:00:10:000 para Root(00)
Mensaje * / 00:10:03:818 / Root(00) para top(01)
Mensaje * / 00:10:03:818 / top(01) para sender(02)
Mensaje Y / 00:10:03:818 / sender(02) / dataout /    200.00000 para top(01)
Mensaje Y / 00:10:03:818 / sender(02) / packetsent /     20.00000 para top(01)
Mensaje D / 00:10:03:818 / sender(02) / 00:00:20:000 para top(01)
Mensaje X / 00:10:03:818 / top(01) / in1 /    200.00000 para network(03)
Mensaje Y / 00:10:03:818 / top(01) / packetsent /     20.00000 para Root(00)
Mensaje X / 00:10:03:818 / network(03) / in /    200.00000 para subnet1(04)
Mensaje D / 00:10:03:818 / subnet1(04) / 00:00:03:278 para network(03)
Mensaje D / 00:10:03:818 / network(03) / 00:00:03:278 para top(01)
Mensaje D / 00:10:03:818 / top(01) / 00:00:03:278 para Root(00)
Mensaje * / 00:10:07:096 / Root(00) para top(01)
Mensaje * / 00:10:07:096 / top(01) para network(03)
Mensaje * / 00:10:07:096 / network(03) para subnet1(04)
Mensaje Y / 00:10:07:096 / subnet1(04) / out /    200.00000 para network(03)
Mensaje D / 00:10:07:096 / subnet1(04) / ... para network(03)
Mensaje Y / 00:10:07:096 / network(03) / out1 /    200.00000 para top(01)
Mensaje D / 00:10:07:096 / network(03) / ... para top(01)
Mensaje X / 00:10:07:096 / top(01) / in /    200.00000 para receiver(06)
Mensaje D / 00:10:07:096 / receiver(06) / 00:00:10:000 para top(01)
Mensaje D / 00:10:07:096 / top(01) / 00:00:10:000 para Root(00)
Mensaje * / 00:10:17:096 / Root(00) para top(01)
Mensaje * / 00:10:17:096 / top(01) para receiver(06)
Mensaje Y / 00:10:17:096 / receiver(06) / out /      0.00000 para top(01)
Mensaje D / 00:10:17:096 / receiver(06) / ... para top(01)
Mensaje X / 00:10:17:096 / top(01) / in2 /      0.00000 para network(03)
Mensaje X / 00:10:17:096 / network(03) / in /      0.00000 para subnet2(05)
Mensaje D / 00:10:17:096 / subnet2(05) / 00:00:04:220 para network(03)
Mensaje D / 00:10:17:096 / network(03) / 00:00:04:220 para top(01)
Mensaje D / 00:10:17:096 / top(01) / 00:00:04:220 para Root(00)
Mensaje * / 00:10:21:316 / Root(00) para top(01)
Mensaje * / 00:10:21:316 / top(01) para network(03)
Mensaje * / 00:10:21:316 / network(03) para subnet2(05)
Mensaje Y / 00:10:21:316 / subnet2(05) / out /      0.00000 para network(03)
Mensaje D / 00:10:21:316 / subnet2(05) / ... para network(03)
Mensaje Y / 00:10:21:316 / network(03) / out2 /      0.00000 para top(01)
Mensaje D / 00:10:21:316 / network(03) / ... para top(01)
Mensaje X / 00:10:21:316 / top(01) / ackin /      0.00000 para sender(02)
Mensaje D / 00:10:21:316 / sender(02) / 00:00:00:000 para top(01)
Mensaje D / 00:10:21:316 / top(01) / 00:00:00:000 para Root(00)
Mensaje * / 00:10:21:316 / Root(00) para top(01)
Mensaje * / 00:10:21:316 / top(01) para sender(02)
Mensaje Y / 00:10:21:316 / sender(02) / ackreceived /      0.00000 para top(01)
Mensaje D / 00:10:21:316 / sender(02) / ... para top(01)
Mensaje Y / 00:10:21:316 / top(01) / ackreceived /      0.00000 para Root(00)
Mensaje D / 00:10:21:316 / top(01) / ... para Root(00)
